<?xml version="1.0" encoding="UTF-8"?>
<testsuites tests="1" failures="0" errors="0" skipped="0">
  <testsuite name="Demo Tests" timestamp="2024-10-08T17:11:30" time="1.241" tests="1" failures="0" errors="0" skipped="0">
    <properties>
      <property name="specId" value="0"/>
      <property name="suiteName" value="Demo Tests"/>
      <property name="capabilities" value="firefox.131_0.mac"/>
      <property name="file" value="file://./test/specs/logintest.js"/>
    </properties>
    <testcase classname="firefox.131_0.mac.Demo_Tests" name="Login Test" time="1.241">
      <system-out><![CDATA[
COMMAND: GET /session/dd3914fe-1153-483a-9968-dac564d1fc26/window - {}
RESULT: {}
COMMAND: POST /session/dd3914fe-1153-483a-9968-dac564d1fc26/element/9cc67608-6906-45f9-8337-bc670e8bbb5f/clear - {}
RESULT: {}
COMMAND: POST /session/dd3914fe-1153-483a-9968-dac564d1fc26/element/9cc67608-6906-45f9-8337-bc670e8bbb5f/value - {"text":"tomsmith"}
RESULT: {"text":"tomsmith"}
COMMAND: POST /session/dd3914fe-1153-483a-9968-dac564d1fc26/element/86929df0-99eb-45bf-af11-dc8ba37cea16/clear - {}
RESULT: {}
COMMAND: POST /session/dd3914fe-1153-483a-9968-dac564d1fc26/element/86929df0-99eb-45bf-af11-dc8ba37cea16/value - {"text":"SuperSecretPassword!"}
RESULT: {"text":"SuperSecretPassword!"}
COMMAND: POST /session/dd3914fe-1153-483a-9968-dac564d1fc26/element/850d807e-7d8b-4787-96c1-a52f5b395cb3/click - {}
COMMAND: GET /session/dd3914fe-1153-483a-9968-dac564d1fc26/window - {}
RESULT: {}
RESULT: {}
COMMAND: GET /session/dd3914fe-1153-483a-9968-dac564d1fc26/element/938c0767-ac1a-4802-8da7-8f8460eb5afe/text - {}
RESULT: {}
COMMAND: DELETE /session/dd3914fe-1153-483a-9968-dac564d1fc26 - {}
RESULT: {}
]]></system-out>
    </testcase>
  </testsuite>
</testsuites>