<?xml version="1.0" encoding="UTF-8"?>
<testsuites tests="1" failures="0" errors="0" skipped="0">
  <testsuite name="Demo Test" timestamp="2024-10-08T17:11:31" time="2.587" tests="1" failures="0" errors="0" skipped="0">
    <properties>
      <property name="specId" value="0"/>
      <property name="suiteName" value="Demo Test"/>
      <property name="capabilities" value="firefox.131_0.mac"/>
      <property name="file" value="file://./test/specs/test1.js"/>
    </properties>
    <testcase classname="firefox.131_0.mac.Demo_Test" name="My First Test" time="2.585">
      <system-out><![CDATA[
COMMAND: GET /session/326669ba-1179-44cd-a6ea-6ac06de40c87/window - {}
RESULT: {}
COMMAND: POST /session/326669ba-1179-44cd-a6ea-6ac06de40c87/element/252d8501-ff9c-42c8-a414-8f60f5b2bfd0/clear - {}
RESULT: {}
COMMAND: POST /session/326669ba-1179-44cd-a6ea-6ac06de40c87/element/252d8501-ff9c-42c8-a414-8f60f5b2bfd0/value - {"text":"WebdriverIO"}
RESULT: {"text":"WebdriverIO"}
COMMAND: POST /session/326669ba-1179-44cd-a6ea-6ac06de40c87/element/dfecdf21-9b4b-477d-a207-5a30d0ad21d4/click - {}
COMMAND: GET /session/326669ba-1179-44cd-a6ea-6ac06de40c87/window - {}
RESULT: {}
COMMAND: POST /session/326669ba-1179-44cd-a6ea-6ac06de40c87/element/dfecdf21-9b4b-477d-a207-5a30d0ad21d4/click - {}
COMMAND: GET /session/326669ba-1179-44cd-a6ea-6ac06de40c87/window - {}
RESULT: {}
RESULT: {}
COMMAND: DELETE /session/326669ba-1179-44cd-a6ea-6ac06de40c87 - {}
RESULT: {}
]]></system-out>
    </testcase>
  </testsuite>
</testsuites>